[8076:8564:2022-12-5 11:59:31.428] Main Start
[8224:9048:2022-12-5 11:59:31.428] Main Start
[8076:8564:2022-12-5 11:59:31.428] Command line:"C:\Users\Никита\Downloads\Zoom_cm_fo42lnktZ9vvrZo4_msajN4B0uIkj09auc56LSmMqCjT5nyB61VwMM@Ipb6Hiq-95t9lzs0_k688124c543411e88_.exe"  Instance:0x460000 Show State:1
[8224:9048:2022-12-5 11:59:31.428] Command line:"C:\Users\Никита\Downloads\Zoom_cm_fo42lnktZ9vvrZo4_msajN4B0uIkj09auc56LSmMqCjT5nyB61VwMM@Ipb6Hiq-95t9lzs0_k688124c543411e88_.exe"  Instance:0x460000 Show State:1
[8224:9048:2022-12-5 11:59:31.476] [app_init] init_opener_worker failed.
[8224:9048:2022-12-5 11:59:31.476] MyMain Failed to init.
[8224:9048:2022-12-5 11:59:31.476] Main End
[8076:8564:2022-12-5 11:59:39.605] C:\
[8076:9416:2022-12-5 11:59:40.4] [process_requst] start, url:https://us04web.zoom.us/conf/launch
[8076:9416:2022-12-5 11:59:42.789] [req_state_read_status_code] zHttpQueryInfo complete, status:200
[8076:9416:2022-12-5 11:59:42.789] [req_state_read_status_code] zHttpQueryInfo complete, status:200 Error: 0
[8076:9416:2022-12-5 11:59:42.789] [read_response_content] API call zHttpQueryInfo failed, error: 12150
[8076:9416:2022-12-5 11:59:42.791] [log_response_content] Content length (1048576 as unknown):1048576 , Total read: 1667 , Error No: 0 , Status code: 200
[8076:9416:2022-12-5 11:59:42.791] [log_response_content] header:
[8076:9416:2022-12-5 11:59:42.791] HTTP/1.1 200 OK
Date: Mon, 05 Dec 2022 09:57:25 GMT
Content-Type: text/plain;charset=utf-8
Transfer-Encoding: chunked
Connection: keep-alive
x-zm-trackingid: v=2.0;clid=us04;rid=WEB_b7650b1e3e194eda207d2b2334c746e5
x-content-type-options: nosniff
content-security-policy: upgrade-insecure-requests; default-src https://*.zoom.us https://zoom.us blob: 'self'; img-src https: about: blob: data: 'self'; style-src https: safari-extension: chrome-extension: 'unsafe-inline' data: 'self'; font-src https: safari-extension: chrome-extension: blob: data: 'self'; connect-src * about: blob: data: 'self'; media-src * rtmp: blob: data: 'self'; frame-src https: ms-appx-web: zoommtg: zoomus: wvjbscheme: data: 'self'; object-src 'none'; base-uri 'none';
x-frame-options: SAMEORIGIN
set-cookie: zm_aid=""; Domain=.zoom.us; Expires=Thu, 01-Jan-1970 00:00:10 GMT; Path=/; Secure; HttpOnly
p3p: CP="NOI ADM DEV PSAi COM NAV OUR OTR STP IND DEM"
x-zm-zoneid: VA
strict-transport-security: max-age=31536000; includeSubDomains
x-xss-protection: 1; mode=block
referrer-policy: strict-origin-when-cross-origin
CF-Cache-Status: DYNAMIC
Set-Cookie: zm_haid=""; Domain=.zoom.us; Expires=Thu, 01-Jan-1970 00:00:10 GMT; Path=/; Secure; HttpOnly
Set-Cookie: zm_tmaid=""; Domain=.zoom.us; Expires=Thu, 01-Jan-1970 00:00:10 GMT; Path=/; Secure; HttpOnly
Set-Cookie: zm_htmaid=""; Domain=.zoom.us; Expires=Thu, 01-Jan-1970 00:00:10 GMT; Path=/; Secure; HttpOnly
Set-Cookie: cred=9D26DF2E9F2F0EB49A3027D9EF4B5DAA; Path=/; Secure; HttpOnly
Set-Cookie: _zm_page_auth=us04_c_X3yeZlI_TKaNC5I3l25ENg; Domain=.zoom.us; Path=/; Secure; HttpOnly
Set-Cookie: _zm_ssid=us04_c_haC_jevATfa9jO0pj3oKVA; Domain=.zoom.us; Path=/; Secure; HttpOnly
Set-Cookie: _zm_ctaid=OXiwY3HkQ7yqgJU3zhjyBQ.1670234245157.ec14b1c0070e9dcb2375dffb29a6e1d9; Domain=.zoom.us; Expires=Mon, 05-Dec-2022 11:57:25 GMT; Path=/; Secure; HttpOnly
Set-Cookie: _zm_chtaid=257; Domain=.zoom.us; Expires=Mon, 05-Dec-2022 11:57:25 GMT; Path=/; Secure; HttpOnly
Set-Cookie: _zm_mtk_guid=62669327251f4e8097dcb56595e621c3; Domain=.zoom.us; Expires=Wed, 04-Dec-2024 09:57:25 GMT; Path=/; Secure
Set-Cookie: __cf_bm=lyXOi48qw4qxWg_ZKEBGtYiNVOCnIqzKnqhZmyWSJGE-1670234245-0-AawJJ9DSaRUliOL3T6a+mnx1HPCLP7E0lXlWIUJb8cgI34Ne7jvPGNp9KZN/Ct1DBUojf5I3DnNGGa1B1Utnq08=; path=/; expires=Mon, 05-Dec-22 10:27:25 GMT; domain=.us04web.zoom.us; HttpOnly; Secure; SameSite=None
Report-To: {"endpoints":[{"url":"https:\/\/a.nel.cloudflare.com\/report\/v3?s=vosY1v0jMBjaJmq3yEZibg3BqHAPitbLtCO6Ud6IYuQNoOrsWasVgU7BQq7JzXmUp94NPEXuem81EFGa5EBCCPtLjET4pzhIVT1PE2uuuIeZN4kGM9w3XUT5mqOyW51NwA%3D%3D"}],"group":"cf-nel","max_age":604800}
NEL: {"success_fraction":0.01,"report_to":"cf-nel","max_age":604800}
Server: cloudflare
CF-RAY: 774beadfaab577af-KBP
alt-svc: h3=":443"; ma=86400, h3-29=":443"; ma=86400


[8076:9416:2022-12-5 11:59:42.791] [process_requst] End for url:https://us04web.zoom.us/conf/launch, return code:200, Error:0, Response content size:1667
[8076:8564:2022-12-5 11:59:42.913] [client_has_installed_app] found path:
[8076:8564:2022-12-5 11:59:42.913]  ***NULL-POINTER-PLACEHOLDER***
[8076:8564:2022-12-5 11:59:42.914] [param_query_local_path] path is: C:\Users\Никита\AppData\Roaming\Zoom\ZoomDownload\ dir create response : 1 system error: 1008
[8076:8564:2022-12-5 11:59:42.915] [downloader_run] State:0
[8076:9512:2022-12-5 11:59:43.141] [process_requst] start, url:https://us04web.zoom.us/client/latest/Installer.exe?archType=x64
[8076:8564:2022-12-5 11:59:43.143] [client_has_installed_app] found path:
[8076:8564:2022-12-5 11:59:43.143]  ***NULL-POINTER-PLACEHOLDER***
[8076:9512:2022-12-5 11:59:44.1] [req_state_read_status_code] zHttpQueryInfo complete, status:200
[8076:9512:2022-12-5 11:59:44.1] [req_state_read_status_code] zHttpQueryInfo complete, status:200 Error: 0
[8076:9512:2022-12-5 11:59:44.541] [read_response_file] Status Code:200, content length: 987048, total read: 987048, error code: 0
[8076:9512:2022-12-5 11:59:44.793] [process_requst] End for url:https://us04web.zoom.us/client/latest/Installer.exe?archType=x64, return code:200, Error:0, Response content size:0
[8076:8564:2022-12-5 11:59:44.811] [handle_download_job_done] Index: 1 Curr index: 1 StatusCode: 200 Error: 0 Response is Empty. 
[8076:9512:2022-12-5 11:59:45.454] [process_requst] start, url:https://us04web.zoom.us/client/latest/Zoom.msi?archType=x64
[8076:9512:2022-12-5 11:59:45.665] [req_state_read_status_code] zHttpQueryInfo complete, status:200
[8076:9512:2022-12-5 11:59:45.665] [req_state_read_status_code] zHttpQueryInfo complete, status:200 Error: 0
[8076:9512:2022-12-5 11:59:49.213] [read_response_file] Status Code:200, content length: 29546688, total read: 29546688, error code: 0
[8076:9512:2022-12-5 11:59:52.281] [process_requst] End for url:https://us04web.zoom.us/client/latest/Zoom.msi?archType=x64, return code:200, Error:0, Response content size:0
[8076:8564:2022-12-5 11:59:52.285] [handle_download_job_done] Index: 2 Curr index: 2 StatusCode: 200 Error: 0 Response is Empty. 
[8076:8564:2022-12-5 11:59:52.346] C:\Users\Никита\AppData\Roaming\Zoom\ZoomDownload\Installer.exe
[8076:8564:2022-12-5 11:59:52.346] ZInstaller --conf.mode=silent --ipc_wnd=131816
[8076:8564:2022-12-5 11:59:53.908] [launch_silent_install] Installer process created, result:42
